[20:12:55] [main/INFO]: Using mbed TLS based native cipher.
[20:12:55] [main/INFO]: Using zlib based native compressor.
[20:12:55] [main/INFO]: Enabled Waterfall version git:Waterfall-Bootstrap:1.19-R0.1-SNAPSHOT:f6069e2:513
[20:12:55] [main/INFO]: Not on Windows, attempting to use enhanced EpollEventLoop
[20:12:55] [main/INFO]: Epoll is working, utilising it!
[20:12:55] [main/INFO]: Discovered module: ModuleSpec(name=cmd_alert, file=modules/cmd_alert.jar, provider=JenkinsModuleSource())
[20:12:55] [main/INFO]: Discovered module: ModuleSpec(name=cmd_find, file=modules/cmd_find.jar, provider=JenkinsModuleSource())
[20:12:55] [main/INFO]: Discovered module: ModuleSpec(name=cmd_list, file=modules/cmd_list.jar, provider=JenkinsModuleSource())
[20:12:55] [main/INFO]: Discovered module: ModuleSpec(name=cmd_send, file=modules/cmd_send.jar, provider=JenkinsModuleSource())
[20:12:55] [main/INFO]: Discovered module: ModuleSpec(name=cmd_server, file=modules/cmd_server.jar, provider=JenkinsModuleSource())
[20:12:55] [main/INFO]: Discovered module: ModuleSpec(name=reconnect_yaml, file=modules/reconnect_yaml.jar, provider=JenkinsModuleSource())
[20:12:55] [main/INFO]: Attempting to update plugin from null to ModuleVersion(build=513, git=f6069e2)
[20:12:55] [main/INFO]: Attempting to Jenkins download module cmd_alert v513
[20:12:56] [main/INFO]: Download complete
[20:12:56] [main/INFO]: Attempting to update plugin from null to ModuleVersion(build=513, git=f6069e2)
[20:12:56] [main/INFO]: Attempting to Jenkins download module cmd_find v513
[20:12:56] [main/INFO]: Download complete
[20:12:56] [main/INFO]: Attempting to update plugin from null to ModuleVersion(build=513, git=f6069e2)
[20:12:56] [main/INFO]: Attempting to Jenkins download module cmd_list v513
[20:12:56] [main/INFO]: Download complete
[20:12:56] [main/INFO]: Attempting to update plugin from null to ModuleVersion(build=513, git=f6069e2)
[20:12:56] [main/INFO]: Attempting to Jenkins download module cmd_send v513
[20:12:56] [main/INFO]: Download complete
[20:12:56] [main/INFO]: Attempting to update plugin from null to ModuleVersion(build=513, git=f6069e2)
[20:12:56] [main/INFO]: Attempting to Jenkins download module cmd_server v513
[20:12:56] [main/INFO]: Download complete
[20:12:56] [main/INFO]: Attempting to update plugin from null to ModuleVersion(build=513, git=f6069e2)
[20:12:56] [main/INFO]: Attempting to Jenkins download module reconnect_yaml v513
[20:12:56] [main/INFO]: Download complete
[20:12:56] [main/INFO]: Loaded plugin reconnect_yaml version git:reconnect_yaml:1.19-R0.1-SNAPSHOT:f6069e2:513 by WaterfallMC
[20:12:56] [main/INFO]: Loaded plugin cmd_find version git:cmd_find:1.19-R0.1-SNAPSHOT:f6069e2:513 by WaterfallMC
[20:12:56] [main/INFO]: Loaded plugin cmd_server version git:cmd_server:1.19-R0.1-SNAPSHOT:f6069e2:513 by WaterfallMC
[20:12:56] [main/INFO]: Loaded plugin cmd_alert version git:cmd_alert:1.19-R0.1-SNAPSHOT:f6069e2:513 by WaterfallMC
[20:12:56] [main/INFO]: Loaded plugin cmd_send version git:cmd_send:1.19-R0.1-SNAPSHOT:f6069e2:513 by WaterfallMC
[20:12:56] [main/INFO]: Loaded plugin cmd_list version git:cmd_list:1.19-R0.1-SNAPSHOT:f6069e2:513 by WaterfallMC
[20:12:56] [main/WARN]: :>:>:>:>:>:>:>:>:>:>:>:>:>:>:>:>:>:>:>:>:>:>:>
[20:12:56] [main/WARN]: :>  
[20:12:56] [main/WARN]: :>      EAGLERCRAFTXBUNGEE WARNING:
[20:12:56] [main/WARN]: :>  
[20:12:56] [main/WARN]: :>  This plugin wasn't tested to be 'working'
[20:12:56] [main/WARN]: :>  with ANY version of BungeeCord (and forks)
[20:12:56] [main/WARN]: :>  apart from the versions listed below:
[20:12:56] [main/WARN]: :>  
[20:12:56] [main/WARN]: :>  - BungeeCord: 1.20-R0.2-SNAPSHOT:231024b:1777
[20:12:56] [main/WARN]: :>  - Waterfall: 1.20-R0.2-SNAPSHOT:d85fe36:556
[20:12:56] [main/WARN]: :>  - FlameCord: 1.1.1
[20:12:56] [main/WARN]: :>  
[20:12:56] [main/WARN]: :>  This is not a Bukkit/Spigot plugin!
[20:12:56] [main/WARN]: :>  
[20:12:56] [main/WARN]: :>  Use "-Deaglerxbungee.stfu=true" to hide
[20:12:56] [main/WARN]: :>  
[20:12:56] [main/WARN]: :>:>:>:>:>:>:>:>:>:>:>:>:>:>:>:>:>:>:>:>:>:>:>
[20:12:56] [main/INFO] [EaglercraftXBungee]: Loading vanilla profile: lax1dude
[20:12:57] [Skin Download Thread #1/INFO] [EaglercraftXBungee]: Loaded vanilla profile: lax1dude
[20:12:57] [main/INFO]: Loaded plugin EaglercraftXBungee version 1.0.9 by lax1dude
[20:12:57] [main/WARN]: Forced host server pvp is not defined
[20:12:57] [main/INFO]: Enabled plugin reconnect_yaml version git:reconnect_yaml:1.19-R0.1-SNAPSHOT:f6069e2:513 by WaterfallMC
[20:12:57] [main/INFO]: Enabled plugin cmd_find version git:cmd_find:1.19-R0.1-SNAPSHOT:f6069e2:513 by WaterfallMC
[20:12:57] [main/INFO]: Enabled plugin cmd_server version git:cmd_server:1.19-R0.1-SNAPSHOT:f6069e2:513 by WaterfallMC
[20:12:57] [main/INFO]: Enabled plugin cmd_alert version git:cmd_alert:1.19-R0.1-SNAPSHOT:f6069e2:513 by WaterfallMC
[20:12:57] [main/INFO]: Enabled plugin cmd_send version git:cmd_send:1.19-R0.1-SNAPSHOT:f6069e2:513 by WaterfallMC
[20:12:57] [main/INFO]: Enabled plugin cmd_list version git:cmd_list:1.19-R0.1-SNAPSHOT:f6069e2:513 by WaterfallMC
[20:12:57] [main/ERROR] [EaglercraftXBungee]: Online mode is set to false! Authentication system has been disabled
[20:12:57] [Netty Worker IO Thread #0/INFO] [EaglercraftXBungee]: Eaglercraft is listening on: /0.0.0.0:8081
[20:12:57] [main/INFO] [EaglercraftXBungee]: Connected to database: jdbc:sqlite:eaglercraft_skins_cache.db
[20:12:57] [main/INFO]: Enabled plugin EaglercraftXBungee version 1.0.9 by lax1dude
[20:12:57] [Netty Boss IO Thread #0/INFO]: Listening on /127.0.0.1:25577
[20:14:36] [Netty Worker IO Thread #0/WARN] [EaglercraftXBungee]: Server icon is not a file: /workspaces/bruh/bungee/server-icon.png
[20:14:58] [Netty Worker IO Thread #2/INFO] [EaglercraftXBungee]: [/[0:0:0:0:0:0:0:1%0]:38964]: Connected via websocket
[20:14:58] [Netty Worker IO Thread #2/INFO] [EaglercraftXBungee]: [/[0:0:0:0:0:0:0:1%0]:38964]: Origin header is http://localhost:8081
[20:14:58] [Netty Worker IO Thread #2/INFO] [EaglercraftXBungee]: [/[0:0:0:0:0:0:0:1%0]:38964]: Logged in as 'Molten_Bonni'
[20:14:58] [Netty Worker IO Thread #2/INFO]: [/[0:0:0:0:0:0:0:1%0]:38964|Molten_Bonni] -> UpstreamBridge has connected
[20:14:58] [Netty Worker IO Thread #2/WARN]: Error occurred processing connection for Molten_Bonni AnnotatedConnectException : finishConnect(..) failed: Connection refused: localhost/127.0.0.1:25565
[20:14:58] [Netty Worker IO Thread #2/INFO]: [Molten_Bonni] disconnected with: Could not connect to a default or fallback server. Incorrectly configured address/port/firewall? 
[20:14:58] [Netty Worker IO Thread #2/INFO]: [/[0:0:0:0:0:0:0:1%0]:38964|Molten_Bonni] -> UpstreamBridge has disconnected
